<?xml version="1.0" encoding="UTF-8"?>
<!-- Generated by org.testng.reporters.JUnitReportReporter -->
<testsuite hostname="LTIN202225" failures="0" tests="1" name="testcases.TC_001" time="11.158" errors="0" timestamp="2023-01-06T10:42:16 IST" skipped="0">
  <testcase classname="testcases.TC_001" name="testcase1" time="11.158"/>
  <system-out/>
</testsuite> <!-- testcases.TC_001 -->
